{
  "stats": {
    "suites": 1,
    "tests": 1,
    "passes": 1,
    "pending": 0,
    "failures": 0,
    "start": "2017-01-06T16:00:07.188Z",
    "end": "2017-01-06T16:00:19.517Z",
    "duration": 12329,
    "testsRegistered": 1,
    "passPercent": 100,
    "pendingPercent": 0,
    "other": 0,
    "hasOther": false,
    "skipped": 0,
    "hasSkipped": false,
    "passPercentClass": "success",
    "pendingPercentClass": "danger"
  },
  "suites": {
    "title": "",
    "suites": [
      {
        "title": "Formulario",
        "suites": [],
        "tests": [
          {
            "title": "Crear",
            "fullTitle": "Formulario: Crear",
            "timedOut": false,
            "duration": 5918,
            "state": "passed",
            "speed": "slow",
            "pass": true,
            "fail": false,
            "pending": false,
            "code": "var name=chance.name();\nvar age=chance.age();\nvar password=chance.string({length: 7});\nvar telefono=chance.phone({ formatted: false });\nvar date=chance.date({string: true, american: false});\nvar email=chance.email();\nvar direccion=chance.address();\nvar ciudad=chance.city();\nvar year=chance.year();\n\nI.amOnPage(rutas[0].url);\nI.wait(2);\n\nresultado.forEach(function (element, i, array) {\n    switch(array[i].tipo){\n        case 'Text':\n            switch(array[i].valor){\n                case 'nombre':\n                    I.fillField(array[i].elemento, name);\n                    break;\n                case 'direccion':\n                    I.fillField(array[i].elemento, direccion);\n                    break;\n                case 'ciudad':\n                    I.fillField(array[i].elemento, ciudad);\n                    break;\n                default:\n                    I.fillField(array[i].elemento, array[i].valor);\n                    break;\n            }\n            break;\n        case 'Password':\n            switch(array[i].valor){\n                case 'pass':\n                    I.fillField(array[i].elemento, password);\n                    break;\n                default:\n                    I.fillField(array[i].elemento, array[i].valor);\n                    break;\n            }\n            break;\n        case 'Check_Box':\n            I.checkOption(array[i].elemento);\n            break;\n        case 'Date':\n            switch(array[i].valor){\n                case 'date':\n                    I.fillField(array[i].elemento, date);\n                    break;\n                default:\n                    I.fillField(array[i].elemento, array[i].valor);\n                    break;\n            }\n            break;\n        case 'Email':\n            switch(array[i].valor){\n                case 'email':\n                    I.fillField(array[i].elemento, email);\n                    break;\n                default:\n                    I.fillField(array[i].elemento, array[i].valor);\n                    break;\n            }\n            break;\n        case 'Radio':\n            I.checkOption(array[i].elemento);\n            break;\n        case 'Select':\n            I.selectOption(array[i].elemento, array[i].valor);\n            break;\n        case 'Number':\n            switch(array[i].valor){\n                case 'edad':\n                    I.fillField(array[i].elemento, age.toString());\n                    break;\n                case 'telefono':\n                    I.fillField(array[i].elemento, telefono.toString());\n                    break;\n                case 'year':\n                    I.fillField(array[i].elemento, year);\n                    break;\n                default:\n                    I.fillField(array[i].elemento, array[i].valor);\n                    break;\n            }\n            break;\n        case 'Click':\n            if(array[i].elemento != \"\"){\n                I.click(array[i].elemento);\n            }\n            else if(array[i].valor != \"\"){\n                I.click(array[i].valor);\n            }\n            I.wait(2);\n            break;\n        case 'See':\n            I.see(array[i].valor, array[i].elemento);\n            break;\n        default:\n            console.log(\"El tipo no ha sido encontrado.\");\n            break;\n    }\n});",
            "err": {},
            "isRoot": false,
            "uuid": "d0a5c232-1deb-4721-b826-1a80217fdf71",
            "parentUUID": "33f2e657-9fd5-4bd0-9307-f8391545d908",
            "skipped": false
          }
        ],
        "pending": [],
        "root": false,
        "_timeout": 0,
        "file": "\\other_test.js",
        "uuid": "33f2e657-9fd5-4bd0-9307-f8391545d908",
        "fullFile": "C:\\Users\\ldcardona\\Desktop\\node\\other_test.js",
        "passes": [
          {
            "title": "Crear",
            "fullTitle": "Formulario: Crear",
            "timedOut": false,
            "duration": 5918,
            "state": "passed",
            "speed": "slow",
            "pass": true,
            "fail": false,
            "pending": false,
            "code": "var name=chance.name();\nvar age=chance.age();\nvar password=chance.string({length: 7});\nvar telefono=chance.phone({ formatted: false });\nvar date=chance.date({string: true, american: false});\nvar email=chance.email();\nvar direccion=chance.address();\nvar ciudad=chance.city();\nvar year=chance.year();\n\nI.amOnPage(rutas[0].url);\nI.wait(2);\n\nresultado.forEach(function (element, i, array) {\n    switch(array[i].tipo){\n        case 'Text':\n            switch(array[i].valor){\n                case 'nombre':\n                    I.fillField(array[i].elemento, name);\n                    break;\n                case 'direccion':\n                    I.fillField(array[i].elemento, direccion);\n                    break;\n                case 'ciudad':\n                    I.fillField(array[i].elemento, ciudad);\n                    break;\n                default:\n                    I.fillField(array[i].elemento, array[i].valor);\n                    break;\n            }\n            break;\n        case 'Password':\n            switch(array[i].valor){\n                case 'pass':\n                    I.fillField(array[i].elemento, password);\n                    break;\n                default:\n                    I.fillField(array[i].elemento, array[i].valor);\n                    break;\n            }\n            break;\n        case 'Check_Box':\n            I.checkOption(array[i].elemento);\n            break;\n        case 'Date':\n            switch(array[i].valor){\n                case 'date':\n                    I.fillField(array[i].elemento, date);\n                    break;\n                default:\n                    I.fillField(array[i].elemento, array[i].valor);\n                    break;\n            }\n            break;\n        case 'Email':\n            switch(array[i].valor){\n                case 'email':\n                    I.fillField(array[i].elemento, email);\n                    break;\n                default:\n                    I.fillField(array[i].elemento, array[i].valor);\n                    break;\n            }\n            break;\n        case 'Radio':\n            I.checkOption(array[i].elemento);\n            break;\n        case 'Select':\n            I.selectOption(array[i].elemento, array[i].valor);\n            break;\n        case 'Number':\n            switch(array[i].valor){\n                case 'edad':\n                    I.fillField(array[i].elemento, age.toString());\n                    break;\n                case 'telefono':\n                    I.fillField(array[i].elemento, telefono.toString());\n                    break;\n                case 'year':\n                    I.fillField(array[i].elemento, year);\n                    break;\n                default:\n                    I.fillField(array[i].elemento, array[i].valor);\n                    break;\n            }\n            break;\n        case 'Click':\n            if(array[i].elemento != \"\"){\n                I.click(array[i].elemento);\n            }\n            else if(array[i].valor != \"\"){\n                I.click(array[i].valor);\n            }\n            I.wait(2);\n            break;\n        case 'See':\n            I.see(array[i].valor, array[i].elemento);\n            break;\n        default:\n            console.log(\"El tipo no ha sido encontrado.\");\n            break;\n    }\n});",
            "err": {},
            "isRoot": false,
            "uuid": "d0a5c232-1deb-4721-b826-1a80217fdf71",
            "parentUUID": "33f2e657-9fd5-4bd0-9307-f8391545d908",
            "skipped": false
          }
        ],
        "failures": [],
        "skipped": [],
        "hasTests": true,
        "hasSuites": false,
        "totalTests": 1,
        "totalPasses": 1,
        "totalFailures": 0,
        "totalPending": 0,
        "totalSkipped": 0,
        "hasPasses": true,
        "hasFailures": false,
        "hasPending": false,
        "hasSkipped": false,
        "duration": 5918
      }
    ],
    "tests": [],
    "pending": [],
    "root": true,
    "_timeout": 0,
    "uuid": "be2d412a-1197-4e66-bfdd-c611320ffb93",
    "fullFile": "",
    "file": "",
    "passes": [],
    "failures": [],
    "skipped": [],
    "hasTests": false,
    "hasSuites": true,
    "totalTests": 0,
    "totalPasses": 0,
    "totalFailures": 0,
    "totalPending": 0,
    "totalSkipped": 0,
    "hasPasses": false,
    "hasFailures": false,
    "hasPending": false,
    "hasSkipped": false,
    "duration": 0,
    "rootEmpty": true
  },
  "allTests": [
    {
      "title": "Crear",
      "fullTitle": "Formulario: Crear",
      "timedOut": false,
      "duration": 5918,
      "state": "passed",
      "speed": "slow",
      "pass": true,
      "fail": false,
      "pending": false,
      "code": "var name=chance.name();\nvar age=chance.age();\nvar password=chance.string({length: 7});\nvar telefono=chance.phone({ formatted: false });\nvar date=chance.date({string: true, american: false});\nvar email=chance.email();\nvar direccion=chance.address();\nvar ciudad=chance.city();\nvar year=chance.year();\n\nI.amOnPage(rutas[0].url);\nI.wait(2);\n\nresultado.forEach(function (element, i, array) {\n    switch(array[i].tipo){\n        case 'Text':\n            switch(array[i].valor){\n                case 'nombre':\n                    I.fillField(array[i].elemento, name);\n                    break;\n                case 'direccion':\n                    I.fillField(array[i].elemento, direccion);\n                    break;\n                case 'ciudad':\n                    I.fillField(array[i].elemento, ciudad);\n                    break;\n                default:\n                    I.fillField(array[i].elemento, array[i].valor);\n                    break;\n            }\n            break;\n        case 'Password':\n            switch(array[i].valor){\n                case 'pass':\n                    I.fillField(array[i].elemento, password);\n                    break;\n                default:\n                    I.fillField(array[i].elemento, array[i].valor);\n                    break;\n            }\n            break;\n        case 'Check_Box':\n            I.checkOption(array[i].elemento);\n            break;\n        case 'Date':\n            switch(array[i].valor){\n                case 'date':\n                    I.fillField(array[i].elemento, date);\n                    break;\n                default:\n                    I.fillField(array[i].elemento, array[i].valor);\n                    break;\n            }\n            break;\n        case 'Email':\n            switch(array[i].valor){\n                case 'email':\n                    I.fillField(array[i].elemento, email);\n                    break;\n                default:\n                    I.fillField(array[i].elemento, array[i].valor);\n                    break;\n            }\n            break;\n        case 'Radio':\n            I.checkOption(array[i].elemento);\n            break;\n        case 'Select':\n            I.selectOption(array[i].elemento, array[i].valor);\n            break;\n        case 'Number':\n            switch(array[i].valor){\n                case 'edad':\n                    I.fillField(array[i].elemento, age.toString());\n                    break;\n                case 'telefono':\n                    I.fillField(array[i].elemento, telefono.toString());\n                    break;\n                case 'year':\n                    I.fillField(array[i].elemento, year);\n                    break;\n                default:\n                    I.fillField(array[i].elemento, array[i].valor);\n                    break;\n            }\n            break;\n        case 'Click':\n            if(array[i].elemento != \"\"){\n                I.click(array[i].elemento);\n            }\n            else if(array[i].valor != \"\"){\n                I.click(array[i].valor);\n            }\n            I.wait(2);\n            break;\n        case 'See':\n            I.see(array[i].valor, array[i].elemento);\n            break;\n        default:\n            console.log(\"El tipo no ha sido encontrado.\");\n            break;\n    }\n});",
      "err": {},
      "isRoot": false,
      "uuid": "d0a5c232-1deb-4721-b826-1a80217fdf71",
      "parentUUID": "33f2e657-9fd5-4bd0-9307-f8391545d908",
      "skipped": false
    }
  ],
  "allPending": [],
  "allPasses": [
    {
      "title": "Crear",
      "fullTitle": "Formulario: Crear",
      "timedOut": false,
      "duration": 5918,
      "state": "passed",
      "speed": "slow",
      "pass": true,
      "fail": false,
      "pending": false,
      "code": "var name=chance.name();\nvar age=chance.age();\nvar password=chance.string({length: 7});\nvar telefono=chance.phone({ formatted: false });\nvar date=chance.date({string: true, american: false});\nvar email=chance.email();\nvar direccion=chance.address();\nvar ciudad=chance.city();\nvar year=chance.year();\n\nI.amOnPage(rutas[0].url);\nI.wait(2);\n\nresultado.forEach(function (element, i, array) {\n    switch(array[i].tipo){\n        case 'Text':\n            switch(array[i].valor){\n                case 'nombre':\n                    I.fillField(array[i].elemento, name);\n                    break;\n                case 'direccion':\n                    I.fillField(array[i].elemento, direccion);\n                    break;\n                case 'ciudad':\n                    I.fillField(array[i].elemento, ciudad);\n                    break;\n                default:\n                    I.fillField(array[i].elemento, array[i].valor);\n                    break;\n            }\n            break;\n        case 'Password':\n            switch(array[i].valor){\n                case 'pass':\n                    I.fillField(array[i].elemento, password);\n                    break;\n                default:\n                    I.fillField(array[i].elemento, array[i].valor);\n                    break;\n            }\n            break;\n        case 'Check_Box':\n            I.checkOption(array[i].elemento);\n            break;\n        case 'Date':\n            switch(array[i].valor){\n                case 'date':\n                    I.fillField(array[i].elemento, date);\n                    break;\n                default:\n                    I.fillField(array[i].elemento, array[i].valor);\n                    break;\n            }\n            break;\n        case 'Email':\n            switch(array[i].valor){\n                case 'email':\n                    I.fillField(array[i].elemento, email);\n                    break;\n                default:\n                    I.fillField(array[i].elemento, array[i].valor);\n                    break;\n            }\n            break;\n        case 'Radio':\n            I.checkOption(array[i].elemento);\n            break;\n        case 'Select':\n            I.selectOption(array[i].elemento, array[i].valor);\n            break;\n        case 'Number':\n            switch(array[i].valor){\n                case 'edad':\n                    I.fillField(array[i].elemento, age.toString());\n                    break;\n                case 'telefono':\n                    I.fillField(array[i].elemento, telefono.toString());\n                    break;\n                case 'year':\n                    I.fillField(array[i].elemento, year);\n                    break;\n                default:\n                    I.fillField(array[i].elemento, array[i].valor);\n                    break;\n            }\n            break;\n        case 'Click':\n            if(array[i].elemento != \"\"){\n                I.click(array[i].elemento);\n            }\n            else if(array[i].valor != \"\"){\n                I.click(array[i].valor);\n            }\n            I.wait(2);\n            break;\n        case 'See':\n            I.see(array[i].valor, array[i].elemento);\n            break;\n        default:\n            console.log(\"El tipo no ha sido encontrado.\");\n            break;\n    }\n});",
      "err": {},
      "isRoot": false,
      "uuid": "d0a5c232-1deb-4721-b826-1a80217fdf71",
      "parentUUID": "33f2e657-9fd5-4bd0-9307-f8391545d908",
      "skipped": false
    }
  ],
  "allFailures": [],
  "copyrightYear": 2017
}